<?xml version="1.0" encoding="UTF-8"?>
<testsuite xmlns:xsi="http://www.w3.org/2001/XMLSchema-instance" xsi:noNamespaceSchemaLocation="https://maven.apache.org/surefire/maven-surefire-plugin/xsd/surefire-test-report-3.0.xsd" version="3.0" name="org.jboss.as.quickstarts.kitchensink.test.SpringBootAppTest" time="0.586" tests="1" errors="0" skipped="0" failures="0">
  <properties>
[...]
</properties>
  <testcase name="contextLoads" classname="org.jboss.as.quickstarts.kitchensink.test.SpringBootAppTest" time="0.002">
    <system-out><![CDATA[2025-02-19T17:58:31.037+11:00  INFO 83876 --- [           main] t.c.s.AnnotationConfigContextLoaderUtils : Could not detect default configuration classes for test class [org.jboss.as.quickstarts.kitchensink.test.SpringBootAppTest]: SpringBootAppTest does not declare any static, non-private, non-final, nested classes annotated with @Configuration.
2025-02-19T17:58:31.038+11:00  INFO 83876 --- [           main] .b.t.c.SpringBootTestContextBootstrapper : Found @SpringBootConfiguration org.jboss.as.quickstarts.kitchensink.SpringBootApp for test class org.jboss.as.quickstarts.kitchensink.test.SpringBootAppTest

  .   ____          _            __ _ _
 /\\ / ___'_ __ _ _(_)_ __  __ _ \ \ \ \
( ( )\___ | '_ | '_| | '_ \/ _` | \ \ \ \
 \\/  ___)| |_)| | | | | || (_| |  ) ) ) )
  '  |____| .__|_| |_|_| |_\__, | / / / /
 =========|_|==============|___/=/_/_/_/

 :: Spring Boot ::                (v3.3.1)

2025-02-19T17:58:31.053+11:00  INFO 83876 --- [           main] o.j.a.q.k.test.SpringBootAppTest         : Starting SpringBootAppTest using Java 21.0.1 with PID 83876 (started by rsumantsingh in /Users/rsumantsingh/Sumant/workspace/Java/jboss-eap-quickstarts/kitchensink)
2025-02-19T17:58:31.053+11:00  INFO 83876 --- [           main] o.j.a.q.k.test.SpringBootAppTest         : No active profile set, falling back to 1 default profile: "default"
2025-02-19T17:58:31.201+11:00  INFO 83876 --- [           main] .s.d.r.c.RepositoryConfigurationDelegate : Bootstrapping Spring Data JPA repositories in DEFAULT mode.
2025-02-19T17:58:31.208+11:00  INFO 83876 --- [           main] .s.d.r.c.RepositoryConfigurationDelegate : Finished Spring Data repository scanning in 6 ms. Found 1 JPA repository interface.
2025-02-19T17:58:31.263+11:00  INFO 83876 --- [           main] o.hibernate.jpa.internal.util.LogHelper  : HHH000204: Processing PersistenceUnitInfo [name: default]
2025-02-19T17:58:31.264+11:00  INFO 83876 --- [           main] o.h.c.internal.RegionFactoryInitiator    : HHH000026: Second-level cache disabled
2025-02-19T17:58:31.269+11:00  INFO 83876 --- [           main] o.s.o.j.p.SpringPersistenceUnitInfo      : No LoadTimeWeaver setup: ignoring JPA class transformer
2025-02-19T17:58:31.270+11:00  INFO 83876 --- [           main] com.zaxxer.hikari.HikariDataSource       : HikariPool-2 - Starting...
2025-02-19T17:58:31.271+11:00  INFO 83876 --- [           main] com.zaxxer.hikari.pool.HikariPool        : HikariPool-2 - Added connection conn10: url=jdbc:h2:mem:60e9abc1-b337-4aab-b2c9-e530ef53548e user=SA
2025-02-19T17:58:31.271+11:00  INFO 83876 --- [           main] com.zaxxer.hikari.HikariDataSource       : HikariPool-2 - Start completed.
2025-02-19T17:58:31.299+11:00  INFO 83876 --- [           main] o.h.e.t.j.p.i.JtaPlatformInitiator       : HHH000489: No JTA platform available (set 'hibernate.transaction.jta.platform' to enable JTA platform integration)
2025-02-19T17:58:31.302+11:00  INFO 83876 --- [           main] j.LocalContainerEntityManagerFactoryBean : Initialized JPA EntityManagerFactory for persistence unit 'default'
2025-02-19T17:58:31.407+11:00  WARN 83876 --- [           main] JpaBaseConfiguration$JpaWebConfiguration : spring.jpa.open-in-view is enabled by default. Therefore, database queries may be performed during view rendering. Explicitly configure spring.jpa.open-in-view to disable this warning
2025-02-19T17:58:31.417+11:00  INFO 83876 --- [           main] o.s.b.a.w.s.WelcomePageHandlerMapping    : Adding welcome page template: index
2025-02-19T17:58:31.597+11:00  INFO 83876 --- [           main] o.s.b.a.e.web.EndpointLinksResolver      : Exposing 14 endpoints beneath base path '/actuator'
2025-02-19T17:58:31.614+11:00  INFO 83876 --- [           main] o.j.a.q.k.test.SpringBootAppTest         : Started SpringBootAppTest in 0.572 seconds (process running for 5.445)
]]></system-out>
  </testcase>
</testsuite>